# JRE version: OpenJDK Runtime Environment Temurin-21.0.10+7 (21.0.10+7) (build 21.0.10+7-LTS)
# Java VM: OpenJDK 64-Bit Server VM Temurin-21.0.10+7 (21.0.10+7-LTS, mixed mode, sharing, tiered, compressed oops, compressed class ptrs, parallel gc, windows-amd64)
GC Precious Log:
 CardTable entry size: 512
 CPUs: 24 total, 24 available
 Memory: 16112M
 Large Page Support: Disabled
 NUMA Support: Disabled
 Compressed Oops: Enabled (32-bit)
 Alignments: Space 512K, Generation 512K, Heap 2M
 Heap Min Capacity: 100M
 Heap Initial Capacity: 100M
 Heap Max Capacity: 2G
 Pre-touch: Disabled
 Parallel Workers: 18
Heap:
 PSYoungGen      total 1536K, used 685K [0x00000000d5580000, 0x00000000d5800000, 0x0000000100000000)
  eden space 1024K, 35% used [0x00000000d5580000,0x00000000d55db560,0x00000000d5680000)
  from space 512K, 62% used [0x00000000d5780000,0x00000000d57d0000,0x00000000d5800000)
  to   space 512K, 0% used [0x00000000d5680000,0x00000000d5680000,0x00000000d5700000)
 ParOldGen       total 1132544K, used 1132446K [0x0000000080000000, 0x00000000c5200000, 0x00000000d5580000)
  object space 1132544K, 99% used [0x0000000080000000,0x00000000c51e7828,0x00000000c5200000)
 Metaspace       used 78145K, committed 79744K, reserved 1179648K
  class space    used 7875K, committed 8576K, reserved 1048576K
GC Heap History (20 events):
Event: 272218.414 GC heap before
{Heap before GC invocations=3915 (full 4):
 PSYoungGen      total 1536K, used 1397K [0x00000000d5580000, 0x00000000d5800000, 0x0000000100000000)
  eden space 1024K, 99% used [0x00000000d5580000,0x00000000d567d798,0x00000000d5680000)
  from space 512K, 75% used [0x00000000d5780000,0x00000000d57e0000,0x00000000d5800000)
  to   space 512K, 0% used [0x00000000d5680000,0x00000000d5680000,0x00000000d5700000)
 ParOldGen       total 1129984K, used 1129952K [0x0000000080000000, 0x00000000c4f80000, 0x00000000d5580000)
  object space 1129984K, 99% used [0x0000000080000000,0x00000000c4f780d8,0x00000000c4f80000)
 Metaspace       used 78144K, committed 79744K, reserved 1179648K
  class space    used 7875K, committed 8576K, reserved 1048576K
}
Event: 272218.415 GC heap after
{Heap after GC invocations=3915 (full 4):
 PSYoungGen      total 1536K, used 384K [0x00000000d5580000, 0x00000000d5800000, 0x0000000100000000)
  eden space 1024K, 0% used [0x00000000d5580000,0x00000000d5580000,0x00000000d5680000)
  from space 512K, 75% used [0x00000000d5680000,0x00000000d56e0000,0x00000000d5700000)
  to   space 512K, 0% used [0x00000000d5780000,0x00000000d5780000,0x00000000d5800000)
 ParOldGen       total 1130496K, used 1130048K [0x0000000080000000, 0x00000000c5000000, 0x00000000d5580000)
  object space 1130496K, 99% used [0x0000000080000000,0x00000000c4f900d8,0x00000000c5000000)
 Metaspace       used 78144K, committed 79744K, reserved 1179648K
  class space    used 7875K, committed 8576K, reserved 1048576K
}
Event: 272218.846 GC heap before
{Heap before GC invocations=3916 (full 4):
 PSYoungGen      total 1536K, used 1392K [0x00000000d5580000, 0x00000000d5800000, 0x0000000100000000)
  eden space 1024K, 98% used [0x00000000d5580000,0x00000000d567c030,0x00000000d5680000)
  from space 512K, 75% used [0x00000000d5680000,0x00000000d56e0000,0x00000000d5700000)
  to   space 512K, 0% used [0x00000000d5780000,0x00000000d5780000,0x00000000d5800000)
 ParOldGen       total 1130496K, used 1130048K [0x0000000080000000, 0x00000000c5000000, 0x00000000d5580000)
  object space 1130496K, 99% used [0x0000000080000000,0x00000000c4f900d8,0x00000000c5000000)
 Metaspace       used 78144K, committed 79744K, reserved 1179648K
  class space    used 7875K, committed 8576K, reserved 1048576K
}
Event: 272218.847 GC heap after
{Heap after GC invocations=3916 (full 4):
 PSYoungGen      total 1536K, used 288K [0x00000000d5580000, 0x00000000d5800000, 0x0000000100000000)
  eden space 1024K, 0% used [0x00000000d5580000,0x00000000d5580000,0x00000000d5680000)
  from space 512K, 56% used [0x00000000d5780000,0x00000000d57c8000,0x00000000d5800000)
  to   space 512K, 0% used [0x00000000d5680000,0x00000000d5680000,0x00000000d5700000)
 ParOldGen       total 1130496K, used 1130108K [0x0000000080000000, 0x00000000c5000000, 0x00000000d5580000)
  object space 1130496K, 99% used [0x0000000080000000,0x00000000c4f9f0e8,0x00000000c5000000)
 Metaspace       used 78144K, committed 79744K, reserved 1179648K
  class space    used 7875K, committed 8576K, reserved 1048576K
}
Event: 272219.025 GC heap before
{Heap before GC invocations=3917 (full 4):
 PSYoungGen      total 1536K, used 1284K [0x00000000d5580000, 0x00000000d5800000, 0x0000000100000000)
  eden space 1024K, 97% used [0x00000000d5580000,0x00000000d5679138,0x00000000d5680000)
  from space 512K, 56% used [0x00000000d5780000,0x00000000d57c8000,0x00000000d5800000)
  to   space 512K, 0% used [0x00000000d5680000,0x00000000d5680000,0x00000000d5700000)
 ParOldGen       total 1130496K, used 1130108K [0x0000000080000000, 0x00000000c5000000, 0x00000000d5580000)
  object space 1130496K, 99% used [0x0000000080000000,0x00000000c4f9f0e8,0x00000000c5000000)
 Metaspace       used 78144K, committed 79744K, reserved 1179648K
  class space    used 7875K, committed 8576K, reserved 1048576K
}
Event: 272219.026 GC heap after
{Heap after GC invocations=3917 (full 4):
 PSYoungGen      total 1536K, used 429K [0x00000000d5580000, 0x00000000d5800000, 0x0000000100000000)
  eden space 1024K, 0% used [0x00000000d5580000,0x00000000d5580000,0x00000000d5680000)
  from space 512K, 83% used [0x00000000d5680000,0x00000000d56eb410,0x00000000d5700000)
  to   space 512K, 0% used [0x00000000d5780000,0x00000000d5780000,0x00000000d5800000)
 ParOldGen       total 1130496K, used 1130307K [0x0000000080000000, 0x00000000c5000000, 0x00000000d5580000)
  object space 1130496K, 99% used [0x0000000080000000,0x00000000c4fd0f68,0x00000000c5000000)
 Metaspace       used 78144K, committed 79744K, reserved 1179648K
  class space    used 7875K, committed 8576K, reserved 1048576K
}
Event: 272219.039 GC heap before
{Heap before GC invocations=3918 (full 4):
 PSYoungGen      total 1536K, used 1085K [0x00000000d5580000, 0x00000000d5800000, 0x0000000100000000)
  eden space 1024K, 64% used [0x00000000d5580000,0x00000000d5624200,0x00000000d5680000)
  from space 512K, 83% used [0x00000000d5680000,0x00000000d56eb410,0x00000000d5700000)
  to   space 512K, 0% used [0x00000000d5780000,0x00000000d5780000,0x00000000d5800000)
 ParOldGen       total 1130496K, used 1130307K [0x0000000080000000, 0x00000000c5000000, 0x00000000d5580000)
  object space 1130496K, 99% used [0x0000000080000000,0x00000000c4fd0f68,0x00000000c5000000)
 Metaspace       used 78144K, committed 79744K, reserved 1179648K
  class space    used 7875K, committed 8576K, reserved 1048576K
}
Event: 272219.041 GC heap after
{Heap after GC invocations=3918 (full 4):
 PSYoungGen      total 1536K, used 288K [0x00000000d5580000, 0x00000000d5800000, 0x0000000100000000)
  eden space 1024K, 0% used [0x00000000d5580000,0x00000000d5580000,0x00000000d5680000)
  from space 512K, 56% used [0x00000000d5780000,0x00000000d57c8000,0x00000000d5800000)
  to   space 512K, 0% used [0x00000000d5680000,0x00000000d5680000,0x00000000d5700000)
 ParOldGen       total 1130496K, used 1130363K [0x0000000080000000, 0x00000000c5000000, 0x00000000d5580000)
  object space 1130496K, 99% used [0x0000000080000000,0x00000000c4fdef68,0x00000000c5000000)
 Metaspace       used 78144K, committed 79744K, reserved 1179648K
  class space    used 7875K, committed 8576K, reserved 1048576K
}
Event: 272219.043 GC heap before
{Heap before GC invocations=3919 (full 4):
 PSYoungGen      total 1536K, used 1244K [0x00000000d5580000, 0x00000000d5800000, 0x0000000100000000)
  eden space 1024K, 93% used [0x00000000d5580000,0x00000000d566f108,0x00000000d5680000)
  from space 512K, 56% used [0x00000000d5780000,0x00000000d57c8000,0x00000000d5800000)
  to   space 512K, 0% used [0x00000000d5680000,0x00000000d5680000,0x00000000d5700000)
 ParOldGen       total 1130496K, used 1130363K [0x0000000080000000, 0x00000000c5000000, 0x00000000d5580000)
  object space 1130496K, 99% used [0x0000000080000000,0x00000000c4fdef68,0x00000000c5000000)
 Metaspace       used 78144K, committed 79744K, reserved 1179648K
  class space    used 7875K, committed 8576K, reserved 1048576K
}
Event: 272219.044 GC heap after
{Heap after GC invocations=3919 (full 4):
 PSYoungGen      total 1536K, used 496K [0x00000000d5580000, 0x00000000d5880000, 0x0000000100000000)
  eden space 1024K, 0% used [0x00000000d5580000,0x00000000d5580000,0x00000000d5680000)
  from space 512K, 96% used [0x00000000d5680000,0x00000000d56fc130,0x00000000d5700000)
  to   space 1024K, 0% used [0x00000000d5780000,0x00000000d5780000,0x00000000d5880000)
 ParOldGen       total 1131520K, used 1131049K [0x0000000080000000, 0x00000000c5100000, 0x00000000d5580000)
  object space 1131520K, 99% used [0x0000000080000000,0x00000000c508a480,0x00000000c5100000)
 Metaspace       used 78144K, committed 79744K, reserved 1179648K
  class space    used 7875K, committed 8576K, reserved 1048576K
}
Event: 272220.076 GC heap before
{Heap before GC invocations=3920 (full 4):
 PSYoungGen      total 1536K, used 1502K [0x00000000d5580000, 0x00000000d5880000, 0x0000000100000000)
  eden space 1024K, 98% used [0x00000000d5580000,0x00000000d567b810,0x00000000d5680000)
  from space 512K, 96% used [0x00000000d5680000,0x00000000d56fc130,0x00000000d5700000)
  to   space 1024K, 0% used [0x00000000d5780000,0x00000000d5780000,0x00000000d5880000)
 ParOldGen       total 1132544K, used 1132030K [0x0000000080000000, 0x00000000c5200000, 0x00000000d5580000)
  object space 1132544K, 99% used [0x0000000080000000,0x00000000c517f828,0x00000000c5200000)
 Metaspace       used 78144K, committed 79744K, reserved 1179648K
  class space    used 7875K, committed 8576K, reserved 1048576K
}
Event: 272220.078 GC heap after
{Heap after GC invocations=3920 (full 4):
 PSYoungGen      total 1536K, used 320K [0x00000000d5580000, 0x00000000d5800000, 0x0000000100000000)
  eden space 1024K, 0% used [0x00000000d5580000,0x00000000d5580000,0x00000000d5680000)
  from space 512K, 62% used [0x00000000d5780000,0x00000000d57d0000,0x00000000d5800000)
  to   space 512K, 0% used [0x00000000d5680000,0x00000000d5680000,0x00000000d5700000)
 ParOldGen       total 1132544K, used 1132038K [0x0000000080000000, 0x00000000c5200000, 0x00000000d5580000)
  object space 1132544K, 99% used [0x0000000080000000,0x00000000c5181828,0x00000000c5200000)
 Metaspace       used 78144K, committed 79744K, reserved 1179648K
  class space    used 7875K, committed 8576K, reserved 1048576K
}
Event: 272220.417 GC heap before
{Heap before GC invocations=3921 (full 4):
 PSYoungGen      total 1536K, used 1344K [0x00000000d5580000, 0x00000000d5800000, 0x0000000100000000)
  eden space 1024K, 100% used [0x00000000d5580000,0x00000000d5680000,0x00000000d5680000)
  from space 512K, 62% used [0x00000000d5780000,0x00000000d57d0000,0x00000000d5800000)
  to   space 512K, 0% used [0x00000000d5680000,0x00000000d5680000,0x00000000d5700000)
 ParOldGen       total 1132544K, used 1132038K [0x0000000080000000, 0x00000000c5200000, 0x00000000d5580000)
  object space 1132544K, 99% used [0x0000000080000000,0x00000000c5181828,0x00000000c5200000)
 Metaspace       used 78144K, committed 79744K, reserved 1179648K
  class space    used 7875K, committed 8576K, reserved 1048576K
}
Event: 272220.419 GC heap after
{Heap after GC invocations=3921 (full 4):
 PSYoungGen      total 1536K, used 288K [0x00000000d5580000, 0x00000000d5800000, 0x0000000100000000)
  eden space 1024K, 0% used [0x00000000d5580000,0x00000000d5580000,0x00000000d5680000)
  from space 512K, 56% used [0x00000000d5680000,0x00000000d56c8000,0x00000000d5700000)
  to   space 512K, 0% used [0x00000000d5780000,0x00000000d5780000,0x00000000d5800000)
 ParOldGen       total 1132544K, used 1132142K [0x0000000080000000, 0x00000000c5200000, 0x00000000d5580000)
  object space 1132544K, 99% used [0x0000000080000000,0x00000000c519b828,0x00000000c5200000)
 Metaspace       used 78144K, committed 79744K, reserved 1179648K
  class space    used 7875K, committed 8576K, reserved 1048576K
}
Event: 272223.161 GC heap before
{Heap before GC invocations=3922 (full 4):
 PSYoungGen      total 1536K, used 1312K [0x00000000d5580000, 0x00000000d5800000, 0x0000000100000000)
  eden space 1024K, 100% used [0x00000000d5580000,0x00000000d5680000,0x00000000d5680000)
  from space 512K, 56% used [0x00000000d5680000,0x00000000d56c8000,0x00000000d5700000)
  to   space 512K, 0% used [0x00000000d5780000,0x00000000d5780000,0x00000000d5800000)
 ParOldGen       total 1132544K, used 1132142K [0x0000000080000000, 0x00000000c5200000, 0x00000000d5580000)
  object space 1132544K, 99% used [0x0000000080000000,0x00000000c519b828,0x00000000c5200000)
 Metaspace       used 78144K, committed 79744K, reserved 1179648K
  class space    used 7875K, committed 8576K, reserved 1048576K
}
Event: 272223.163 GC heap after
{Heap after GC invocations=3922 (full 4):
 PSYoungGen      total 1536K, used 448K [0x00000000d5580000, 0x00000000d5800000, 0x0000000100000000)
  eden space 1024K, 0% used [0x00000000d5580000,0x00000000d5580000,0x00000000d5680000)
  from space 512K, 87% used [0x00000000d5780000,0x00000000d57f0000,0x00000000d5800000)
  to   space 512K, 0% used [0x00000000d5680000,0x00000000d5680000,0x00000000d5700000)
 ParOldGen       total 1132544K, used 1132262K [0x0000000080000000, 0x00000000c5200000, 0x00000000d5580000)
  object space 1132544K, 99% used [0x0000000080000000,0x00000000c51b9828,0x00000000c5200000)
 Metaspace       used 78144K, committed 79744K, reserved 1179648K
  class space    used 7875K, committed 8576K, reserved 1048576K
}
Event: 272223.871 GC heap before
{Heap before GC invocations=3923 (full 4):
 PSYoungGen      total 1536K, used 1472K [0x00000000d5580000, 0x00000000d5800000, 0x0000000100000000)
  eden space 1024K, 100% used [0x00000000d5580000,0x00000000d5680000,0x00000000d5680000)
  from space 512K, 87% used [0x00000000d5780000,0x00000000d57f0000,0x00000000d5800000)
  to   space 512K, 0% used [0x00000000d5680000,0x00000000d5680000,0x00000000d5700000)
 ParOldGen       total 1132544K, used 1132262K [0x0000000080000000, 0x00000000c5200000, 0x00000000d5580000)
  object space 1132544K, 99% used [0x0000000080000000,0x00000000c51b9828,0x00000000c5200000)
 Metaspace       used 78144K, committed 79744K, reserved 1179648K
  class space    used 7875K, committed 8576K, reserved 1048576K
}
Event: 272223.872 GC heap after
{Heap after GC invocations=3923 (full 4):
 PSYoungGen      total 1536K, used 288K [0x00000000d5580000, 0x00000000d5800000, 0x0000000100000000)
  eden space 1024K, 0% used [0x00000000d5580000,0x00000000d5580000,0x00000000d5680000)
  from space 512K, 56% used [0x00000000d5680000,0x00000000d56c8000,0x00000000d5700000)
  to   space 512K, 0% used [0x00000000d5780000,0x00000000d5780000,0x00000000d5800000)
 ParOldGen       total 1132544K, used 1132366K [0x0000000080000000, 0x00000000c5200000, 0x00000000d5580000)
  object space 1132544K, 99% used [0x0000000080000000,0x00000000c51d3828,0x00000000c5200000)
 Metaspace       used 78144K, committed 79744K, reserved 1179648K
  class space    used 7875K, committed 8576K, reserved 1048576K
}
Event: 272223.986 GC heap before
{Heap before GC invocations=3924 (full 4):
 PSYoungGen      total 1536K, used 1256K [0x00000000d5580000, 0x00000000d5800000, 0x0000000100000000)
  eden space 1024K, 94% used [0x00000000d5580000,0x00000000d5672238,0x00000000d5680000)
  from space 512K, 56% used [0x00000000d5680000,0x00000000d56c8000,0x00000000d5700000)
  to   space 512K, 0% used [0x00000000d5780000,0x00000000d5780000,0x00000000d5800000)
 ParOldGen       total 1132544K, used 1132366K [0x0000000080000000, 0x00000000c5200000, 0x00000000d5580000)
  object space 1132544K, 99% used [0x0000000080000000,0x00000000c51d3828,0x00000000c5200000)
 Metaspace       used 78144K, committed 79744K, reserved 1179648K
  class space    used 7875K, committed 8576K, reserved 1048576K
}
Event: 272223.987 GC heap after
{Heap after GC invocations=3924 (full 4):
 PSYoungGen      total 1536K, used 320K [0x00000000d5580000, 0x00000000d5800000, 0x0000000100000000)
  eden space 1024K, 0% used [0x00000000d5580000,0x00000000d5580000,0x00000000d5680000)
  from space 512K, 62% used [0x00000000d5780000,0x00000000d57d0000,0x00000000d5800000)
  to   space 512K, 0% used [0x00000000d5680000,0x00000000d5680000,0x00000000d5700000)
 ParOldGen       total 1132544K, used 1132446K [0x0000000080000000, 0x00000000c5200000, 0x00000000d5580000)
  object space 1132544K, 99% used [0x0000000080000000,0x00000000c51e7828,0x00000000c5200000)
 Metaspace       used 78144K, committed 79744K, reserved 1179648K
  class space    used 7875K, committed 8576K, reserved 1048576K
}

